vy1
vy2
vy3
ng1
ng3
nt1
nt2
nt3
nt5
th1
fx1
ta1
ta2
ta6
ta8
st1
st2
tp1
tp2
tp3
cn1
cn2
cn3
waa
bn1
bn2
cnl
tau
stf
ngr
tpm
vym
vy1
vy2
vy3
ng1
ng3
nt1
nt2
nt3
nt5
th1
fx1
ta1
ta2
ta6
ta8
st1
st2
tp1
tp2
tp3
cn1
cn2
cn3
waa
bn1
bn2
cnl
tau
stf
ngr
tpm
vym
vy1
vy2
vy3
ng1
ng3
nt1
nt2
nt3
nt5
th1
fx1
ta1
ta2
ta6
ta8
st1
st2
tp1
tp2
tp3
cn1
cn2
cn3
waa
bn1
bn2
cnl
tau
stf
ngr
tpm
vym
vy1
vy2
vy3
ng1
ng3
nt1
nt2
nt3
nt5
th1
fx1
ta1
ta2
ta6
ta8
st1
st2
tp1
tp2
tp3
cn1
cn2
cn3
waa
bn1
bn2
cnl
tau
stf
ngr
tpm
vym
vy1
vy2
vy3
ng1
ng3
nt1
nt2
nt3
nt5
th1
fx1
ta1
ta2
ta6
ta8
st1
st2
tp1
tp2
tp3
cn1
cn2
cn3
waa
bn1
bn2
cnl
tau
stf
ngr
tpm
vym
vy1
vy2
vy3
ng1
ng3
nt1
nt2
nt3
nt5
th1
fx1
ta1
ta2
ta6
ta8
st1
st2
tp1
tp2
tp3
cn1
cn2
cn3
waa
bn1
bn2
cnl
tau
stf
ngr
tpm
vym
