
Loading splits from horizon file = horizons.hzn
which appears to be a FIXMAP splits file

Horizon/Splits list given:
 BGV

Loading drillholes from database = vk.geo.isis

Tables and Fields in the database:
Hole Id Table            HEADER
Hole Id Field            HOLEID
Location Table           HEADER
Easting Field            EAST
Northing Field           NORTH
Collar Elevation Field   ELEV
Total Depth Field        TDEPTH
Lithology Table          LITHOL
Horizon Name Field       PLY
Rock Type Field          LITHTY
Ply Name Field           PLY
Top Depth Field          FRODEP
Bottom Depth Field       TODEP
Continuation Field       CONTIN
Percentage Field         LITHPC

Lithology codes will NOT be used - codes not supplied

Using dynamic desurvey from database
DSR deviations will not be represented in mapfiles
Hole ABB014 has no horizon data of interest
Hole ABB015 has no horizon data of interest
Hole ABB018 has no horizon data of interest
Hole ABB019 has no horizon data of interest
Hole ABB020 has no horizon data of interest
Hole ASG01 has no horizon data of interest
Hole ASG02 has no horizon data of interest
Hole ASG03 has no horizon data of interest
Hole ASG04 has no horizon data of interest
Hole ASG08 has no horizon data of interest
Hole ASG09 has no horizon data of interest
Hole ASG11 has no horizon data of interest
Hole ASG12 has no horizon data of interest
Hole ASG13 has no horizon data of interest
Hole ASG14 has no horizon data of interest
Hole ASG20 has no horizon data of interest
Hole ASG21 has no horizon data of interest
Hole ASG23 has no horizon data of interest
Hole ASG24 has no horizon data of interest
Hole ASG25 has no horizon data of interest
Hole ASG26 has no horizon data of interest
Hole ASG27 has no horizon data of interest
Hole ASG28 has no horizon data of interest
Hole ASG29 has no horizon data of interest
Hole ASG30 has no horizon data of interest
Hole ASV0001 has no horizon data of interest
Hole ASV0002 has no horizon data of interest
Hole ASV0003 has no horizon data of interest
Hole ASV0008 has no horizon data of interest
Hole ASV0010 has no horizon data of interest
Hole ASV0018 has no horizon data of interest
Hole ASV0019 has no horizon data of interest
Hole ASV0020 has no horizon data of interest
Hole ASV0024 has no horizon data of interest
Hole ASV0028 has no horizon data of interest
Hole ASV0029 has no horizon data of interest
Hole ASV0030 has no horizon data of interest
Hole ASV1001 has no horizon data of interest
Hole ASV1002 has no horizon data of interest
Hole ASV1003 has no horizon data of interest
Hole ASV1004 has no horizon data of interest
Hole ASV1005 has no horizon data of interest
Hole ASV1006 has no horizon data of interest
Hole ASV1007 has no horizon data of interest
Hole ASV1008 has no horizon data of interest
Hole ASV1009 has no horizon data of interest
Hole ASV1010 has no horizon data of interest
Hole ASV1011 has no horizon data of interest
Hole ASV1012 has no horizon data of interest
Hole ASV1014 has no horizon data of interest
Warning: hole B_SPRINGS_1A total depth (0.000) < last depth (595.450)  - check data
Hole B_SPRINGS_1A has no horizon data of interest
Hole CAA001 has no horizon data of interest
Hole CAA002 has no horizon data of interest
Hole CAA025 has no horizon data of interest
Hole CAA026 has no horizon data of interest
Hole CBB020 has no horizon data of interest
Hole CBB021 has no horizon data of interest
Hole CBB022 has no horizon data of interest
Hole CBB023 has no horizon data of interest
Hole CBB024 has no horizon data of interest
Hole CBH1001 has no horizon data of interest
Hole CBH1002 has no horizon data of interest
Hole CBH1002A has no lithology data and no total depth value set
 Hole : CBH1002A        - rejected
Hole CBH1003 has no horizon data of interest
Hole CBH1004 has no horizon data of interest
Hole CCC003 has no horizon data of interest
Hole CCC004 has no horizon data of interest
Hole CCC005 has no horizon data of interest
Hole CCC006 has no horizon data of interest
Hole CCC007 has no horizon data of interest
Hole CCC008 has no horizon data of interest
Hole CDD009 has no horizon data of interest
Hole CDD010 has no horizon data of interest
Hole CDD011 has no horizon data of interest
Hole CDD012 has no horizon data of interest
Hole CEE015 has no horizon data of interest
Hole CEE016 has no horizon data of interest
Hole CEE018 has no horizon data of interest
Hole CEE039 has no horizon data of interest
Hole CFF013 has no horizon data of interest
Hole CFF014 has no horizon data of interest
Hole CFF017 has no horizon data of interest
Hole CGG019 has no horizon data of interest
Hole CGG027 has no horizon data of interest
Hole CGG028 has no horizon data of interest
Hole CGG029 has no horizon data of interest
Hole CGG030 has no horizon data of interest
Hole CHH031 has no horizon data of interest
Hole CHH032 has no horizon data of interest
Hole CHH034 has no horizon data of interest
Hole CHH035 has no horizon data of interest
Hole CII034 has no horizon data of interest
Hole CJJ033 has no horizon data of interest
Hole CJJ036 has no horizon data of interest
Hole CKK037 has no horizon data of interest
Hole CKK038 has no horizon data of interest
Hole CLL048 has no horizon data of interest
Hole CLL049 has no horizon data of interest
Hole CMM048 has no horizon data of interest
Hole CMM050 has no horizon data of interest
Hole CMM051 has no horizon data of interest
Hole CMM052 has no horizon data of interest
Hole CMM064 has no horizon data of interest
Hole CNN056 has no horizon data of interest
Hole CNN057 has no horizon data of interest
Hole COO045 has no horizon data of interest
Hole COO046 has no horizon data of interest
Hole COO064 has no horizon data of interest
Hole COO065 has no horizon data of interest
Hole CPP042 has no horizon data of interest
Hole CPP043 has no horizon data of interest
Hole CPP044 has no horizon data of interest
Hole CPP053 has no horizon data of interest
Hole CQQ040 has no horizon data of interest
Hole CQQ041 has no horizon data of interest
Hole CQQ054 has no horizon data of interest
Hole CQQ055 has no horizon data of interest
Hole CQQ065 has no horizon data of interest
Hole CQQ066 has no horizon data of interest
Hole CRR058 has no horizon data of interest
Hole CRR059 has no horizon data of interest
Hole CRR060 has no horizon data of interest
Warning: hole CSS061 total depth (34.800) < last depth (39.000)  - check data
Hole CSS061 has no horizon data of interest
Warning: hole CSS062 total depth (38.150) < last depth (40.000)  - check data
Hole CSS062 has no horizon data of interest
Warning: hole CTT047 total depth (39.500) < last depth (42.000)  - check data
Hole CTT047 has no horizon data of interest
Hole CTT063 has no horizon data of interest
Hole EVK112 has no horizon data of interest
Hole EVK113 has no horizon data of interest
Hole EVK135C has no horizon data of interest
Hole EVK147 has no horizon data of interest
Hole EVK148 has no horizon data of interest
Hole EVK149 has no horizon data of interest
Hole EVK150 has no horizon data of interest
Hole EVK151 has no horizon data of interest
Hole EVK238C has no horizon data of interest
Hole EVK257C has no horizon data of interest
Hole LDC01 has no horizon data of interest
Hole LDC02 has no horizon data of interest
Hole LOX02A has no horizon data of interest
Hole LOX02B has no horizon data of interest
Hole LOX03A has no horizon data of interest
Hole LOX03B has no horizon data of interest
Hole LOX03C has no horizon data of interest
Hole LOX04A has no horizon data of interest
Hole LOX04B has no horizon data of interest
Hole LOX06A has no horizon data of interest
Hole LOX07A has no horizon data of interest
Hole LOX07B has no horizon data of interest
Hole LOX07C has no horizon data of interest
Hole LOX08A has no horizon data of interest
Hole LOX08B has no horizon data of interest
Hole LOX09A has no horizon data of interest
Hole LOX09B has no horizon data of interest
Hole LOX10B has no horizon data of interest
Hole LOX10C has no horizon data of interest
Hole LOX10D has no horizon data of interest
Hole LOX10E has no horizon data of interest
Hole LOX11A has no horizon data of interest
Hole LOX11D has no horizon data of interest
Hole LOX11E has no horizon data of interest
Hole LOX11F has no horizon data of interest
Hole LOX12A has no horizon data of interest
Hole LOX12B has no horizon data of interest
Hole LOX13A has no horizon data of interest
Hole LOX13B has no horizon data of interest
Hole LOX13C has no horizon data of interest
Hole LOX13D has no horizon data of interest
Hole LOX14A has no horizon data of interest
Hole LOX14B has no horizon data of interest
Hole LOX14C has no horizon data of interest
Hole LOX14D has no horizon data of interest
Hole LOX15B has no horizon data of interest
Hole LOX15C has no horizon data of interest
Hole LOX15D has no horizon data of interest
Hole LOX16A has no horizon data of interest
Hole LOX16B has no horizon data of interest
Hole LOX16C has no horizon data of interest
Hole LOX17B has no horizon data of interest
Hole LOX17C has no horizon data of interest
Hole LOX17D has no horizon data of interest
Hole LOX17E has no horizon data of interest
Hole LOX18C has no horizon data of interest
Hole LOX19A has no horizon data of interest
Hole LOX19B has no horizon data of interest
Hole LOX19C has no horizon data of interest
Hole LOX20A has no horizon data of interest
Hole LOX20B has no horizon data of interest
Hole LOX20C has no horizon data of interest
Hole LOX21B has no horizon data of interest
Hole LOX21C has no horizon data of interest
Hole LOX21D has no horizon data of interest
Hole LOX22A has no horizon data of interest
Hole LOX22B has no horizon data of interest
Hole LOX23A has no horizon data of interest
Hole LOX24A has no horizon data of interest
Hole LOX25A has no horizon data of interest
Hole LOX30A has no horizon data of interest
Hole LOX30C has no horizon data of interest
Hole LOX31A has no horizon data of interest
Hole LOX32A has no horizon data of interest
Hole LOX32B has no horizon data of interest
Hole LOX33A has no horizon data of interest
Hole LOX33B has no horizon data of interest
Hole LOX34A has no horizon data of interest
Hole MDC01 has no horizon data of interest
Hole MDC02 has no horizon data of interest
Hole MWK006 has no horizon data of interest
Warning: hole TA050C total depth (0.000) < last depth (120.600)  - check data
Hole TA050C has no horizon data of interest
Hole TA050CR has no horizon data of interest
Hole TA053C has no horizon data of interest
Hole TA056C has no horizon data of interest
Hole TA056CR has no lithology data but has total depth data - it can be used for TTD
Hole TA118C has no horizon data of interest
Hole TR0001 has no horizon data of interest
Hole TR0003 has no horizon data of interest
Hole TR0004 has no horizon data of interest
Hole TR0005 has no horizon data of interest
Hole TR0006 has no horizon data of interest
Hole TR0007 has no horizon data of interest
Hole TR0008 has no horizon data of interest
Hole TR0009 has no horizon data of interest
Hole TR0010 has no horizon data of interest
Hole TR0011 has no horizon data of interest
Hole TR0012 has no horizon data of interest
Hole TR0013 has no horizon data of interest
Hole TR0014 has no horizon data of interest
Hole TR0015 has no horizon data of interest
Hole TR0016 has no horizon data of interest
Hole TR0017 has no horizon data of interest
Hole TR0018 has no horizon data of interest
Hole TR0020 has no horizon data of interest
Hole TR0021 has no horizon data of interest
Hole TR0022 has no horizon data of interest
Hole TR0023 has no horizon data of interest
Hole TR0024 has no horizon data of interest
Hole TR0025 has no horizon data of interest
Hole TR0026 has no horizon data of interest
Hole TR0027 has no horizon data of interest
Hole TR0028 has no horizon data of interest
Hole TR0029 has no horizon data of interest
Hole TR0030 has no horizon data of interest
Hole TR0031 has no horizon data of interest
Hole TR0032 has no horizon data of interest
Hole TR0033 has no horizon data of interest
Hole TR0034 has no horizon data of interest
Hole TR0035 has no horizon data of interest
Hole VKY0001C has no horizon data of interest
Hole VKY0002C has no horizon data of interest
Hole VKY0004C has no horizon data of interest
Hole VKY0009C has no horizon data of interest
Hole VKY0010C has no horizon data of interest
Hole VKY0013C has no horizon data of interest
Hole VKY0017C has no horizon data of interest
Hole VKY0018C has no horizon data of interest
Hole VKY0019C has no horizon data of interest
Hole VKY0024C has no horizon data of interest
Hole VKY0025C has no horizon data of interest
Hole VKY0026C has no horizon data of interest
Hole VKY0027C has no horizon data of interest
Hole VKY0029LD has no horizon data of interest
Hole VKY0030LD has no horizon data of interest
Hole VKY0032C has no horizon data of interest
Hole VKY0034C has no horizon data of interest
Hole VKY0035C has no horizon data of interest
Hole VKY0036C has no horizon data of interest
Hole VKY0042C has no horizon data of interest
Hole VKY0043C has no horizon data of interest
Hole VKY0046C has no horizon data of interest
Hole VKY0049C has no horizon data of interest
Hole VKY0057C has no horizon data of interest
Hole VKY0062C has no horizon data of interest
Hole VKY0065C has no horizon data of interest
Hole VKY0066C has no horizon data of interest
Hole VKY0067C has no horizon data of interest
Hole VKY0068C has no horizon data of interest
Hole VKY0079A has no lithology data and no total depth value set
 Hole : VKY0079A        - rejected
Warning: hole VKY0081 total depth (83.600) < last depth (84.000)  - check data
Hole VKY1000C has no horizon data of interest
Hole VKY1001C has no horizon data of interest
Hole VKY1002C has no horizon data of interest
Hole VKY1003C has no lithology data but has total depth data - it can be used for TTD
Hole VKY1004C has no horizon data of interest
Hole VKY1005C has no horizon data of interest
Hole VKY1006R has no lithology data but has total depth data - it can be used for TTD
Hole VKY1007R has no horizon data of interest
Hole VKY1008R has no lithology data but has total depth data - it can be used for TTD
Hole VKY1009R has no lithology data but has total depth data - it can be used for TTD
Hole VKY1010R has no horizon data of interest
Hole VKY1011R has no lithology data but has total depth data - it can be used for TTD
Hole VKY1012C has no horizon data of interest
Hole VKY1013C has no horizon data of interest
Hole VKY1014C has no horizon data of interest
Hole VKY1015C has no horizon data of interest
Hole VKY1016R has no lithology data but has total depth data - it can be used for TTD
Hole VKY1017C has no horizon data of interest
Hole VKY1018R has no horizon data of interest
Hole VKY1019C has no lithology data but has total depth data - it can be used for TTD
Hole VKY1019R has no horizon data of interest
Hole VKY1020C has no horizon data of interest
Hole VKY1022C has no horizon data of interest
Hole VKY1023C has no horizon data of interest
Warning: hole VKY1024C total depth (0.000) < last depth (42.240)  - check data
Hole VKY1024C has no horizon data of interest
Hole VKY1025C has no horizon data of interest
Hole VKY1030 has no horizon data of interest
Hole VKY1031 has no horizon data of interest
Hole VKY1032 has no horizon data of interest
Hole VKY1033 has no horizon data of interest
Hole VKY1034 has no horizon data of interest
Hole VKY1035 has no horizon data of interest
Hole VKY1036 has no horizon data of interest
Hole VKY1037 has no horizon data of interest
Hole VKY1038 has no horizon data of interest
Hole VKY1039 has no horizon data of interest
Hole VKY1040 has no horizon data of interest
Hole VKY1041 has no horizon data of interest
Hole VKY1042 has no horizon data of interest
Hole VKY1043 has no horizon data of interest
Hole VKY1044 has no horizon data of interest
Hole VKY1045 has no horizon data of interest
Hole VKY1046 has no horizon data of interest
Hole VKY1047 has no horizon data of interest
Hole VKY1048 has no horizon data of interest
Hole VKY1049 has no horizon data of interest
Hole VKY1050 has no horizon data of interest
Hole VKY1051 has no horizon data of interest
Hole VKY1052 has no horizon data of interest
Hole VKY1053 has no horizon data of interest
Hole VKY1054 has no horizon data of interest
Hole VKY1055 has no horizon data of interest
Hole VKY1056 has no horizon data of interest
Hole VKY1057 has no horizon data of interest
Hole VKY1058 has no horizon data of interest
Hole VKY1059 has no horizon data of interest
Hole VKY1060 has no horizon data of interest
Hole VKY1061 has no horizon data of interest
Hole VKY1062 has no horizon data of interest
Hole VKY1063 has no horizon data of interest
Hole VKY1064 has no horizon data of interest
Hole VKY1065 has no horizon data of interest
Hole VKY1066 has no horizon data of interest
Hole VKY1067 has no horizon data of interest
Hole VKY1068 has no horizon data of interest
Hole VKY1069 has no horizon data of interest
Hole VKY1070 has no horizon data of interest
Hole VKY1071 has no horizon data of interest
Hole VKY1072 has no horizon data of interest
Hole VKY1073 has no horizon data of interest
Hole VKY1074 has no horizon data of interest
Hole VKY1075 has no horizon data of interest
Hole VKY1076 has no horizon data of interest
Hole VKY1077 has no horizon data of interest
Hole VKY1078 has no horizon data of interest
Hole VKY1079 has no horizon data of interest
Hole VKY1080 has no horizon data of interest
Hole VKY1081 has no horizon data of interest
Hole VKY1082 has no horizon data of interest
Hole VKY1083 has no horizon data of interest
Hole VKY1084 has no horizon data of interest
Hole VKY1085 has no horizon data of interest
Hole VKY1086 has no horizon data of interest
Hole VKY1087 has no horizon data of interest
Hole VKY1088 has no horizon data of interest
Hole VKY1089 has no horizon data of interest
Hole VKY1090 has no horizon data of interest
Hole VKY1091 has no horizon data of interest
Hole VKY1092 has no horizon data of interest
Hole VKY1093 has no horizon data of interest
Hole VKY1094 has no horizon data of interest
Hole VKY1095 has no horizon data of interest
Hole VKY1096 has no horizon data of interest
Hole VKY1097 has no horizon data of interest
Hole VKY1098 has no horizon data of interest
Hole VKY1099 has no horizon data of interest
Hole VKY1100 has no horizon data of interest
Hole VKY1101 has no horizon data of interest
Hole VKY1102 has no horizon data of interest
Hole VKY1103 has no horizon data of interest
Hole VKY1104 has no horizon data of interest
Hole VKY1105 has no horizon data of interest
Hole VKY1106 has no horizon data of interest
Hole VKY1107 has no horizon data of interest
Hole VKY1108 has no horizon data of interest
Hole VKY1109 has no horizon data of interest
Hole VKY1110 has no horizon data of interest
Hole VKY1111 has no horizon data of interest
Hole VKY1112 has no horizon data of interest
Hole VKY1113 has no horizon data of interest
Hole VKY1114 has no horizon data of interest
Hole VKY1115 has no horizon data of interest
Hole VKY1116 has no horizon data of interest
Hole VKY1117 has no horizon data of interest
Hole VKY1118 has no horizon data of interest
Hole VKY1140 has no horizon data of interest
Hole VKY1141 has no horizon data of interest
Hole VKY1142 has no horizon data of interest
Hole VKY1143 has no lithology data but has total depth data - it can be used for TTD
Hole VKY1144 has no horizon data of interest
Hole VKY1145 has no horizon data of interest
Hole VKY1146 has no horizon data of interest
Hole VKY1147 has no horizon data of interest
Hole VKY1148 has no horizon data of interest
Hole VKY1149 has no horizon data of interest
Hole VKY1150 has no horizon data of interest
Hole VKY1151 has no horizon data of interest
Hole VKY1152 has no horizon data of interest
Hole VKY1153 has no horizon data of interest
Hole VKY1154 has no horizon data of interest
Hole VKY1155 has no horizon data of interest
Hole VKY1156 has no horizon data of interest
Hole VKY1157 has no horizon data of interest
Hole VKY1159 has no horizon data of interest
Hole VKY1160 has no horizon data of interest
Hole VKY1161 has no horizon data of interest
Hole VKY1162 has no horizon data of interest
Hole VKY1163 has no horizon data of interest
Hole VKY1164 has no horizon data of interest
Hole VKY1166 has no horizon data of interest
Hole VKY1167 has no horizon data of interest
Hole VKY1168 has no horizon data of interest
Hole VKY1169 has no horizon data of interest
Hole VKY1170 has no horizon data of interest
Hole VKY1171 has no horizon data of interest
Hole VKY1172 has no horizon data of interest
Hole VKY1173 has no horizon data of interest
Hole VKY1174 has no horizon data of interest
Hole VKY1175 has no horizon data of interest
Hole VKY1176 has no horizon data of interest
Hole VKY1177 has no horizon data of interest
Hole VKY1178 has no horizon data of interest
Hole VKY1179 has no horizon data of interest
Hole VKY1180 has no horizon data of interest
Hole VKY1181 has no horizon data of interest
Hole VKY1182 has no horizon data of interest
Hole VKY1183 has no horizon data of interest
Hole VKY1184 has no horizon data of interest
Hole VKY1185 has no horizon data of interest
Hole VKY1186 has no horizon data of interest
Hole VKY1187 has no horizon data of interest
Hole VKY1188 has no horizon data of interest
Hole VKY1189 has no horizon data of interest
Hole VKY1190 has no horizon data of interest
Hole VKY1191 has no horizon data of interest
Hole VKY1192 has no horizon data of interest
Hole VKY1193 has no horizon data of interest
Hole VKY1194 has no horizon data of interest
Hole VKY1195 has no horizon data of interest
Hole VKY1196 has no horizon data of interest
Hole VKY1197 has no horizon data of interest
Hole VKY1198 has no horizon data of interest
Hole VKY1199 has no horizon data of interest
Hole VKY1200 has no horizon data of interest
Hole VKY1201 has no horizon data of interest
Hole VKY1202 has no horizon data of interest
Hole VKY1203 has no horizon data of interest
Hole VKY1204 has no horizon data of interest
Hole VKY1205 has no horizon data of interest
Hole VKY1206 has no horizon data of interest
Hole VKY1207 has no horizon data of interest
Hole VKY1208 has no horizon data of interest
Hole VKY1209 has no horizon data of interest
Hole VKY1210 has no horizon data of interest
Hole VKY1211 has no horizon data of interest
Hole VKY1212 has no horizon data of interest
Hole VKY1213 has no horizon data of interest
Hole VKY1214 has no horizon data of interest
Hole VKY1215 has no horizon data of interest
Hole VKY1216 has no horizon data of interest
Hole VKY1217 has no horizon data of interest
Hole VKY1218 has no horizon data of interest
Hole VKY1219 has no horizon data of interest
Hole VKY1220 has no horizon data of interest
Hole VKY1221 has no horizon data of interest
Hole VKY1222 has no horizon data of interest
Hole VKY1223 has no horizon data of interest
Hole VKY1224 has no horizon data of interest
Hole VKY1225 has no horizon data of interest
Hole VKY1226 has no horizon data of interest
Hole VKY1227 has no horizon data of interest
Hole VKY1228 has no horizon data of interest
Hole VKY1229 has no horizon data of interest
Hole VKY1230 has no horizon data of interest
Hole VKY1231 has no horizon data of interest
Hole VKY1232 has no horizon data of interest
Hole VKY1233 has no horizon data of interest
Hole VKY1234 has no horizon data of interest
Hole VKY1235 has no horizon data of interest
Hole VKY1236 has no horizon data of interest
Hole VKY1237 has no horizon data of interest
Hole VKY1238 has no horizon data of interest
Hole VKY1239 has no horizon data of interest
Hole VKY1240 has no horizon data of interest
Hole VKY1241 has no horizon data of interest
Hole VKY1242 has no horizon data of interest
Hole VKY1243 has no horizon data of interest
Hole VKY1244 has no horizon data of interest
Hole VKY1245 has no horizon data of interest
Hole VKY1246 has no horizon data of interest
Hole VKY1247 has no horizon data of interest
Hole VKY1248 has no horizon data of interest
Hole VKY1249 has no horizon data of interest
Hole VKY1250 has no horizon data of interest
Hole VKY1251 has no horizon data of interest
Hole VKY1252 has no horizon data of interest
Hole VKY1253 has no horizon data of interest
Hole VKY1254 has no horizon data of interest
Hole VKY1255 has no horizon data of interest
Hole VKY1256 has no horizon data of interest
Hole VKY1257 has no horizon data of interest
Hole VKY1258 has no horizon data of interest
Hole VKY1259 has no horizon data of interest
Hole VKY1260 has no horizon data of interest
Hole VKY1261 has no horizon data of interest
Hole VKY1262 has no horizon data of interest
Hole VKY1263 has no horizon data of interest
Hole VKY1264 has no horizon data of interest
Hole VKY1265 has no horizon data of interest
Hole VKY1266 has no horizon data of interest
Hole VKY1267 has no horizon data of interest
Hole VKY1268 has no horizon data of interest
Hole VKY1269 has no horizon data of interest
Hole VKY1270 has no horizon data of interest
Hole VKY1271 has no horizon data of interest
Hole VKY1272 has no horizon data of interest
Hole VKY1273 has no horizon data of interest
Hole VKY1274 has no horizon data of interest
Hole VKY1275 has no horizon data of interest
Hole VKY1277C has no horizon data of interest
Hole VKY1278C has no horizon data of interest
Hole VKY1284 has no horizon data of interest
Hole VKY1314 has no horizon data of interest
Hole VKY1315 has no horizon data of interest
Hole VKY1316 has no horizon data of interest
Hole VKY1317 has no horizon data of interest
Hole VKY1318 has no horizon data of interest
Hole VKY1319 has no horizon data of interest
Hole VKY1320 has no horizon data of interest
Hole VKY1321 has no horizon data of interest
Hole VKY1322 has no horizon data of interest
Hole VKY1323 has no horizon data of interest
Hole VKY1324 has no horizon data of interest
Hole VKY1325 has no horizon data of interest
Hole VKY1329 has no horizon data of interest
Hole VKY1330 has no horizon data of interest
Hole VKY1331 has no horizon data of interest
Hole VKY1332 has no horizon data of interest
Hole VKY1333 has no horizon data of interest
Hole VKY1334 has no horizon data of interest
Hole VKY1335 has no horizon data of interest
Hole VKY1336 has no horizon data of interest
Hole VKY1337 has no horizon data of interest
Hole VKY1338 has no horizon data of interest
Hole VKY1339 has no horizon data of interest
Hole VKY1340 has no horizon data of interest
Hole VKY1341 has no horizon data of interest
Hole VKY1342 has no horizon data of interest
Hole VKY1343 has no horizon data of interest
Hole VKY1344 has no horizon data of interest
Hole VKY1345 has no horizon data of interest
Hole VKY1346 has no horizon data of interest
Hole VKY1347 has no horizon data of interest
Hole VKY1348 has no horizon data of interest
Hole VKY1349 has no horizon data of interest
Hole VKY1350 has no horizon data of interest
Hole VKY1351 has no horizon data of interest
Hole VKY1352 has no horizon data of interest
Hole VKY1353 has no horizon data of interest
Hole VKY1354 has no horizon data of interest
Hole VKY1355 has no horizon data of interest
Hole VKY1356 has no horizon data of interest
Hole VKY1358 has no horizon data of interest
Hole VKY1359 has no horizon data of interest
Hole VKY1360 has no horizon data of interest
Hole VKY1361 has no horizon data of interest
Hole VKY1362 has no horizon data of interest
Hole VKY1363 has no horizon data of interest
Hole VKY1364 has no horizon data of interest
Hole VKY1365 has no horizon data of interest
Hole VKY1366 has no horizon data of interest
Hole VKY1367 has no horizon data of interest
Hole VKY1368 has no horizon data of interest
Hole VKY1369 has no horizon data of interest
Hole VKY1370 has no horizon data of interest
Hole VKY1371 has no horizon data of interest
Hole VKY1372 has no horizon data of interest
Hole VKY1373 has no horizon data of interest
Hole VKY1374 has no horizon data of interest
Hole VKY1375 has no horizon data of interest
Hole VKY1376 has no horizon data of interest
Hole VKY1377 has no horizon data of interest
Hole VKY1378 has no horizon data of interest
Hole VKY1379 has no horizon data of interest
Hole VKY1380 has no horizon data of interest
Hole VKY1381 has no horizon data of interest
Hole VKY1382 has no horizon data of interest
Hole VKY1383 has no horizon data of interest
Hole VKY1384 has no horizon data of interest
Hole VKY1385 has no horizon data of interest
Hole VKY1386 has no horizon data of interest
Hole VKY1387 has no horizon data of interest
Hole VKY1388 has no horizon data of interest
Hole VKY1389 has no horizon data of interest
Hole VKY1390 has no horizon data of interest
Hole VKY1391 has no horizon data of interest
Hole VKY1392 has no horizon data of interest
Hole VKY1393 has no horizon data of interest
Hole VKY1394 has no horizon data of interest
Hole VKY1395 has no horizon data of interest
Hole VKY1396 has no horizon data of interest
Hole VKY1397 has no horizon data of interest
Hole VKY1398 has no horizon data of interest
Hole VKY1399 has no horizon data of interest
Hole VKY1400 has no horizon data of interest
Hole VKY1401 has no horizon data of interest
Hole VKY1402 has no horizon data of interest
Hole VKY1403 has no horizon data of interest
Hole VKY1404 has no horizon data of interest
Hole VKY1405 has no horizon data of interest
Hole VKY1406 has no horizon data of interest
Hole VKY1407 has no horizon data of interest
Hole VKY1409 has no horizon data of interest
Hole VKY1410 has no horizon data of interest
Hole VKY1411 has no horizon data of interest
Hole VKY1412 has no horizon data of interest
Hole VKY1413 has no horizon data of interest
Hole VKY1414 has no horizon data of interest
Hole VKY1415 has no horizon data of interest
Hole VKY1416 has no horizon data of interest
Hole VKY1417 has no horizon data of interest
Hole VKY1418 has no horizon data of interest
Hole VKY1419 has no horizon data of interest
Hole VKY1420 has no horizon data of interest
Hole VKY1421 has no horizon data of interest
Hole VKY1422 has no horizon data of interest
Hole VKY1423 has no horizon data of interest
Hole VKY1424 has no horizon data of interest
Hole VKY1425 has no horizon data of interest
Hole VKY1426 has no horizon data of interest
Hole VKY1430 has no horizon data of interest
Hole VKY1431 has no horizon data of interest
Hole VKY1433 has no horizon data of interest
Hole VKY1434 has no horizon data of interest
Hole VKY1435 has no horizon data of interest
Hole VKY1439 has no horizon data of interest
Hole VKY1441 has no horizon data of interest
Hole VKY1442 has no horizon data of interest
Hole VKY1443 has no horizon data of interest
Hole VKY1444 has no horizon data of interest
Hole VKY1445 has no horizon data of interest
Hole VKY1446 has no horizon data of interest
Hole VKY1447 has no horizon data of interest
Hole VKY1448 has no horizon data of interest
Hole VKY1450 has no horizon data of interest
Hole VKY1451 has no horizon data of interest
Hole VKY1452 has no horizon data of interest
Hole VKY1453 has no horizon data of interest
Hole VKY1454 has no horizon data of interest
Hole VKY1455 has no horizon data of interest
Hole VKY1456 has no horizon data of interest
Hole VKY1457 has no horizon data of interest
Hole VKY1458 has no horizon data of interest
Hole VKY1459 has no horizon data of interest
Hole VKY1460 has no horizon data of interest
Hole VKY1461 has no horizon data of interest
Hole VKY1462 has no horizon data of interest
Hole VKY1463 has no horizon data of interest
Hole VKY1464 has no horizon data of interest
Hole VKY1465 has no horizon data of interest
Hole VKY1466 has no horizon data of interest
Hole VKY1467 has no horizon data of interest
Hole VKY1468 has no horizon data of interest
Hole VKY1469 has no horizon data of interest
Hole VKY1470 has no horizon data of interest
Hole VKY1471 has no horizon data of interest
Hole VKY1472 has no horizon data of interest
Hole VKY1473 has no horizon data of interest
Hole VKY1474 has no horizon data of interest
Hole VKY1475 has no horizon data of interest
Hole VKY1476 has no horizon data of interest
Hole VKY1477 has no horizon data of interest
Hole VKY1478 has no horizon data of interest
Hole VKY1479 has no horizon data of interest
Hole VKY1480 has no horizon data of interest
Hole VKY1481 has no horizon data of interest
Hole VKY1482 has no horizon data of interest
Hole VKY1483 has no horizon data of interest
Hole VKY1484 has no horizon data of interest
Hole VKY1485 has no horizon data of interest
Hole VKY1486 has no horizon data of interest
Hole VKY1487 has no horizon data of interest
Hole VKY1488 has no horizon data of interest
Hole VKY1489 has no horizon data of interest
Hole VKY1490 has no horizon data of interest
Hole VKY1491 has no horizon data of interest
Hole VKY1492 has no horizon data of interest
Hole VKY1493 has no horizon data of interest
Hole VKY1494 has no horizon data of interest
Hole VKY1495 has no horizon data of interest
Hole VKY1496 has no horizon data of interest
Hole VKY1497 has no horizon data of interest
Hole VKY1498 has no horizon data of interest
Hole VKY1499 has no horizon data of interest
Hole VKY1500 has no horizon data of interest
Hole VKY1501 has no horizon data of interest
Hole VKY1502 has no horizon data of interest
Hole VKY1503 has no horizon data of interest
Hole VKY1504 has no horizon data of interest
Hole VKY1505 has no horizon data of interest
Hole VKY1506 has no horizon data of interest
Hole VKY1507 has no horizon data of interest
Hole VKY1508 has no horizon data of interest
Hole VKY1509 has no horizon data of interest
Hole VKY1510 has no horizon data of interest
Hole VKY1511 has no horizon data of interest
Hole VKY1512 has no horizon data of interest
Hole VKY1513 has no horizon data of interest
Hole VKY1514 has no horizon data of interest
Hole VKY1515 has no horizon data of interest
Hole VKY1516 has no horizon data of interest
Hole VKY1517 has no horizon data of interest
Hole VKY1518 has no horizon data of interest
Hole VKY1519 has no horizon data of interest
Hole VKY1520 has no horizon data of interest
Hole VKY1521 has no horizon data of interest
Hole VKY1522 has no horizon data of interest
Hole VKY1523 has no horizon data of interest
Hole VKY1524 has no horizon data of interest
Hole VKY1525 has no horizon data of interest
Hole VKY1526 has no horizon data of interest
Hole VKY1527 has no horizon data of interest
Hole VKY1528 has no horizon data of interest
Hole VKY1529 has no horizon data of interest
Hole VKY1530 has no horizon data of interest
Hole VKY1531 has no horizon data of interest
Hole VKY1532 has no horizon data of interest
Hole VKY1533 has no horizon data of interest
Hole VKY1534 has no horizon data of interest
Hole VKY1535 has no horizon data of interest
Hole VKY1536 has no horizon data of interest
Hole VKY1537 has no horizon data of interest
Hole VKY1538 has no horizon data of interest
Hole VKY1539 has no horizon data of interest
Hole VKY1540 has no horizon data of interest
Hole VKY1541 has no horizon data of interest
Hole VKY1542 has no horizon data of interest
Hole VKY1543 has no horizon data of interest
Hole VKY1544 has no horizon data of interest
Hole VKY1545 has no horizon data of interest
Hole VKY1546 has no horizon data of interest
Hole VKY1547 has no horizon data of interest
Hole VKY1548 has no horizon data of interest
Hole VKY1549 has no horizon data of interest
Hole VKY1550 has no horizon data of interest
Hole VKY1551 has no horizon data of interest
Hole VKY1552 has no horizon data of interest
Hole VKY1553R has no horizon data of interest
Hole VKY1554R has no horizon data of interest
Hole VKY1555R has no horizon data of interest
Hole VKY1556R has no horizon data of interest
Hole VKY1557R has no horizon data of interest
Hole VKY1558R has no horizon data of interest
Hole VKY1559R has no horizon data of interest
Hole VKY1560R has no horizon data of interest
Hole VKY1561R has no horizon data of interest
Hole VKY1562R has no horizon data of interest
Hole VKY1563R has no horizon data of interest
Hole VKY1564R has no horizon data of interest
Hole VKY1565R has no horizon data of interest
Hole VKY1566R has no horizon data of interest
Hole VKY1567R has no horizon data of interest
Hole VKY1568R has no horizon data of interest
Hole VKY1569R has no horizon data of interest
Hole VKY1570R has no horizon data of interest
Hole VKY1571R has no horizon data of interest
Hole VKY1572R has no horizon data of interest
Hole VKY1573R has no horizon data of interest
Hole VKY1574R has no horizon data of interest
Hole VKY1575R has no horizon data of interest
Hole VKY1576R has no horizon data of interest
Hole VKY1577R has no horizon data of interest
Hole VKY1578R has no horizon data of interest
Hole VKY1579R has no horizon data of interest
Hole VKY1580R has no horizon data of interest
Hole VKY1581R has no horizon data of interest
Hole VKY1582R has no horizon data of interest
Hole VKY1583R has no horizon data of interest
Hole VKY1584R has no horizon data of interest
Hole VKY1585R has no horizon data of interest
Hole VKY1586R has no horizon data of interest
Hole VKY1587R has no horizon data of interest
Hole VKY1588R has no horizon data of interest
Hole VKY1589R has no horizon data of interest
Hole VKY1590R has no horizon data of interest
Hole VKY1591R has no horizon data of interest
Hole VKY1592R has no horizon data of interest
Hole VKY1593R has no horizon data of interest
Hole VKY1594R has no horizon data of interest
Hole VKY1595R has no horizon data of interest
Hole VKY1596R has no horizon data of interest
Hole VKY1597R has no horizon data of interest
Hole VKY1598R has no horizon data of interest
Hole VKY1599R has no horizon data of interest
Hole VKY1600C has no horizon data of interest
Hole VKY1601C has no horizon data of interest
Hole VKY1602C has no horizon data of interest
Hole VKY1603C has no horizon data of interest
Hole VKY1604C has no horizon data of interest
Hole VKY1605C has no horizon data of interest
Hole VKY1606C has no horizon data of interest
Hole VKY1607C has no horizon data of interest
Hole VKY1608C has no horizon data of interest
Hole VKY1609C has no horizon data of interest
Hole VKY1610C has no horizon data of interest
Hole VKY1611R has no horizon data of interest
Hole VKY1612R has no horizon data of interest
Hole VKY1613R has no horizon data of interest
Hole VKY1614R has no horizon data of interest
Hole VKY1615R has no horizon data of interest
Hole VKY1616R has no horizon data of interest
Hole VKY1617R has no horizon data of interest
Hole VKY1618R has no horizon data of interest
Hole VKY1619R has no horizon data of interest
Hole VKY1620C has no horizon data of interest
Hole VKY1621R has no horizon data of interest
Hole VKY1622R has no horizon data of interest
Hole VKY1623R has no horizon data of interest
Hole VKY1624R has no horizon data of interest
Hole VKY1625R has no horizon data of interest
Hole VKY1626R has no horizon data of interest
Hole VKY1627R has no horizon data of interest
Hole VKY1628R has no horizon data of interest
Hole VKY1629R has no horizon data of interest
Hole VKY1630C has no horizon data of interest
Hole VKY1631R has no horizon data of interest
Hole VKY1632R has no horizon data of interest
Hole VKY1633R has no horizon data of interest
Hole VKY1634R has no horizon data of interest
Hole VKY1635R has no horizon data of interest
Hole VKY1636R has no horizon data of interest
Hole VKY1637R has no horizon data of interest
Hole VKY1638R has no horizon data of interest
Hole VKY1639R has no horizon data of interest
Hole VKY1640C has no horizon data of interest
Hole VKY1641R has no horizon data of interest
Hole VKY1642R has no horizon data of interest
Hole VKY1643R has no horizon data of interest
Hole VKY1644R has no horizon data of interest
Hole VKY1645R has no horizon data of interest
Hole VKY1646R has no horizon data of interest
Hole VKY1647R has no horizon data of interest
Hole VKY1648R has no horizon data of interest
Hole VKY1649R has no horizon data of interest
Hole VKY1650R has no horizon data of interest
Hole VKY1651R has no horizon data of interest
Hole VKY1652R has no horizon data of interest
Hole VKY1653R has no horizon data of interest
Hole VKY1654R has no horizon data of interest
Hole VKY1655R has no horizon data of interest
Hole VKY1656R has no horizon data of interest
Hole VKY1657R has no horizon data of interest
Hole VKY1658R has no horizon data of interest
Hole VKY1659R has no horizon data of interest
Hole VKY1660R has no horizon data of interest
Hole VKY1661R has no horizon data of interest
Hole VKY1662R has no horizon data of interest
Hole VKY1663R has no horizon data of interest
Hole VKY1664R has no horizon data of interest
Hole VKY1665R has no horizon data of interest
Hole VKY1666R has no horizon data of interest
Hole VKY1667R has no horizon data of interest
Hole VKY1668R has no horizon data of interest
Hole VKY1669R has no horizon data of interest
Hole VKY1670R has no horizon data of interest
Hole VKY1671R has no horizon data of interest
Hole VKY1672R has no horizon data of interest
Hole VKY1673R has no horizon data of interest
Hole VKY1674R has no horizon data of interest
Hole VKY1675R has no horizon data of interest
Hole VKY1676R has no horizon data of interest
Hole VKY1677R has no horizon data of interest
Hole VKY1678R has no horizon data of interest
Hole VKY1679R has no horizon data of interest
Hole VKY1680R has no horizon data of interest
Hole VKY1681R has no horizon data of interest
Hole VKY1682R has no horizon data of interest
Hole VKY1683C has no horizon data of interest
Hole VKY2001 has no horizon data of interest
Hole VKY2002 has no horizon data of interest
Hole VKY2003 has no horizon data of interest
Hole VKY2004 has no horizon data of interest
Hole VKY2005 has no horizon data of interest
Hole VKY2006 has no horizon data of interest
Hole VKY2007 has no horizon data of interest
Hole VKY2008 has no horizon data of interest
Hole VKY2009 has no horizon data of interest
Hole VKY2010 has no horizon data of interest
Hole VKY2012 has no horizon data of interest
Hole VKY2013 has no horizon data of interest
Hole VKY2017 has no horizon data of interest
Hole VKY2019 has no horizon data of interest
Hole VKY2020 has no horizon data of interest
Hole VKY2021 has no horizon data of interest
Hole VKY2023 has no horizon data of interest
Hole VKY2024 has no horizon data of interest
Hole VKY2025 has no horizon data of interest
Hole VKY2026 has no horizon data of interest
Hole VKY2027 has no horizon data of interest
Hole VKY2028 has no horizon data of interest
Hole VKY2032 has no horizon data of interest
Hole VKY3011 has no horizon data of interest
Hole VKY3035 has no horizon data of interest
Hole VKY3043 has no horizon data of interest
Hole VKY3043R has no lithology data but has total depth data - it can be used for TTD
Hole VKY3044 has no horizon data of interest
Hole VKY3070 has no horizon data of interest
Hole VKY3090 has no horizon data of interest
Hole VKY3092 has no horizon data of interest
Hole VKY5000C has no horizon data of interest
Hole VKY5001C has no horizon data of interest
Hole VKY5003C has no horizon data of interest
Hole VKY5005C has no horizon data of interest
Warning: hole VKY5010C total depth (120.200) < last depth (120.270)  - check data
Warning: hole VKY5011C total depth (120.300) < last depth (120.380)  - check data
Warning: hole VKY5012C total depth (117.270) < last depth (117.420)  - check data
Warning: hole VKY5013C total depth (81.300) < last depth (81.360)  - check data
Warning: hole VKY5015C total depth (105.200) < last depth (105.410)  - check data
Warning: hole VKY5016C total depth (114.300) < last depth (114.360)  - check data
Warning: hole VKY5017C total depth (105.300) < last depth (105.350)  - check data
Hole VKY5021 has no horizon data of interest
Warning: hole VKY5023 total depth (78.600) < last depth (78.650)  - check data
Warning: hole VKY5024 total depth (90.550) < last depth (90.650)  - check data
Hole VKY5034A has no horizon data of interest
Warning: hole VKY5043A total depth (24.000) < last depth (25.000)  - check data
Hole VKY5043A has no horizon data of interest
Warning: hole VKY5053 total depth (102.000) < last depth (162.500)  - check data
Warning: hole VKY5063C total depth (105.300) < last depth (105.410)  - check data
Warning: hole VKY5068 total depth (102.500) < last depth (126.500)  - check data
Hole VNW001 has no horizon data of interest
Hole VNW007 has no horizon data of interest
Hole VNW012 has no horizon data of interest
Hole VNW020 has no horizon data of interest
Hole VNW021 has no horizon data of interest
Hole VNW022 has no horizon data of interest
Hole VNW023 has no horizon data of interest
Hole VNW024 has no horizon data of interest
Hole VNW025 has no horizon data of interest
Hole VNW027 has no horizon data of interest
Hole VNW028 has no horizon data of interest
Hole VNW029 has no horizon data of interest
Hole VNW030 has no horizon data of interest
Hole VNW034 has no horizon data of interest
Hole VNW045 has no horizon data of interest
Hole VNW046 has no horizon data of interest
Hole VNW047 has no horizon data of interest
Hole VNW048 has no horizon data of interest
Hole VNW049 has no horizon data of interest
Hole VNW050 has no horizon data of interest
Hole VNW051 has no horizon data of interest
Hole VNW052 has no horizon data of interest
Hole VNW053 has no horizon data of interest
Hole VNW054 has no horizon data of interest
Hole VNW057 has no horizon data of interest
Hole VNW058 has no horizon data of interest
Hole VNW059 has no horizon data of interest
Hole VNW061 has no horizon data of interest
Hole VNW062 has no horizon data of interest
Hole VNW063 has no horizon data of interest
Hole VNW068C has no horizon data of interest
Hole VNW070C has no horizon data of interest
Hole VNW078 has no horizon data of interest
Hole VNW080 has no horizon data of interest
Hole VNW082 has no horizon data of interest
Hole VNW083 has no horizon data of interest
Hole VNW084 has no horizon data of interest
Hole VNW085 has no horizon data of interest
Hole VNW086 has no horizon data of interest
Hole VNW087 has no horizon data of interest
Hole VNW088 has no horizon data of interest
Hole VNW092 has no horizon data of interest
Hole VNW093 has no horizon data of interest
Hole VNW094 has no horizon data of interest
Hole VNW095 has no horizon data of interest
Hole VNW097 has no horizon data of interest
Hole VNW098 has no horizon data of interest
Hole VNW099 has no horizon data of interest
Hole VNW100 has no horizon data of interest
Hole VNW101 has no horizon data of interest
Hole VNW102 has no horizon data of interest
Hole VNW103 has no horizon data of interest
Hole VNW104 has no horizon data of interest
Hole VNW105 has no horizon data of interest
Hole VNW106 has no horizon data of interest
Hole VNW109 has no horizon data of interest
Hole VNW110 has no horizon data of interest
Hole VNW111 has no horizon data of interest
Hole VNW112 has no horizon data of interest
Hole VNW115 has no horizon data of interest
Hole VNW117 has no horizon data of interest
Hole VNW118 has no horizon data of interest
Hole VNW119 has no horizon data of interest
Hole VNW120 has no horizon data of interest
Hole VNW121 has no horizon data of interest
Hole VNW123 has no horizon data of interest
Hole VNW124C has no horizon data of interest
Hole VNW125C has no horizon data of interest
Hole VNW126C has no horizon data of interest
Hole VNW127C has no horizon data of interest
Hole VNW128C has no horizon data of interest
Hole VNW129C has no horizon data of interest
Hole VNW130C has no horizon data of interest
Hole VNW131C has no horizon data of interest
Hole VNW132 has no lithology data but has total depth data - it can be used for TTD
Hole VNW133 has no lithology data but has total depth data - it can be used for TTD
Hole VNW134 has no lithology data but has total depth data - it can be used for TTD
Hole VNW135 has no lithology data but has total depth data - it can be used for TTD
Hole VNW137C has no horizon data of interest
Hole VNW138 has no horizon data of interest
Hole VNW139 has no horizon data of interest
Hole VNW140 has no horizon data of interest
Hole VNW141 has no horizon data of interest
Hole VNW142 has no horizon data of interest
Hole VNW143 has no horizon data of interest
Hole VNW144 has no horizon data of interest
Warning: hole VNW145 total depth (38.030) < last depth (42.000)  - check data
Hole VNW145 has no horizon data of interest
Hole VNW146 has no horizon data of interest
Hole VNW147 has no horizon data of interest
Hole VNW148 has no horizon data of interest
Hole VNW149 has no horizon data of interest
Hole VNW150 has no horizon data of interest
Hole VNW151 has no horizon data of interest
Hole VNW152 has no horizon data of interest
Hole VNW153 has no horizon data of interest
Hole VNW154 has no horizon data of interest
Hole VNW155 has no horizon data of interest
Hole VNW156 has no horizon data of interest
Hole VNW157 has no horizon data of interest
Hole VNW158 has no horizon data of interest
Hole VNW159 has no horizon data of interest
Hole VNW160 has no horizon data of interest
Hole VNW161 has no horizon data of interest
Hole VNW162 has no horizon data of interest
Hole VNW163 has no horizon data of interest
Hole VNW164 has no horizon data of interest
Hole VNW165 has no horizon data of interest
Hole VNW166 has no horizon data of interest
Hole VNW167 has no horizon data of interest
Hole VNW168 has no horizon data of interest
Hole VNW169 has no horizon data of interest
Hole VNW170 has no horizon data of interest
Hole VNW171 has no horizon data of interest
Hole VNW172 has no horizon data of interest
Hole VNW173 has no horizon data of interest
Hole VNW173A has no lithology data but has total depth data - it can be used for TTD
Hole VNW174 has no lithology data but has total depth data - it can be used for TTD
Warning: hole VNW175 total depth (82.350) < last depth (91.000)  - check data
Hole VNW175 has no horizon data of interest
Hole VNW176 has no horizon data of interest
Hole VNW177 has no horizon data of interest
Hole VNW178 has no horizon data of interest
Hole VNW179 has no horizon data of interest
Hole VNW180 has no horizon data of interest
Hole VNW181 has no horizon data of interest
Hole VNW182 has no horizon data of interest
Hole VNW183 has no horizon data of interest
Hole VNW184 has no horizon data of interest
Hole VNW186 has no horizon data of interest
Hole VNW187 has no horizon data of interest
Hole VNW191 has no horizon data of interest
Hole VNW194 has no horizon data of interest
Hole VNW197 has no horizon data of interest
Hole VNW197R has no horizon data of interest
Hole VNW198 has no horizon data of interest
Hole VNW200C has no horizon data of interest
Hole VNW201C has no horizon data of interest
Hole VNW202C has no horizon data of interest
Hole VNW203C has no horizon data of interest
Hole VNW204C has no horizon data of interest
Hole VNW205C has no horizon data of interest
Hole VNW206 has no horizon data of interest
Hole VNW207 has no horizon data of interest
Hole VNW210 has no horizon data of interest
Hole VNW215 has no horizon data of interest
Hole VNW218C has no horizon data of interest
Hole VNW219 has no horizon data of interest
Hole VNW220 has no horizon data of interest
Hole VNW221P has no horizon data of interest
Hole VNW222P has no horizon data of interest
Hole VNW223P has no horizon data of interest
Hole VNW226 has no horizon data of interest
Hole VNW227WB has no horizon data of interest
Hole VNW230 has no horizon data of interest
Hole VNW232 has no horizon data of interest
Hole VNW233 has no horizon data of interest
Hole VNW235 has no horizon data of interest
Hole VNW236 has no horizon data of interest
Hole VNW237 has no horizon data of interest
Hole VNW246C has no horizon data of interest
Hole VNW247 has no horizon data of interest
Hole VNW250 has no horizon data of interest
Hole VNW253 has no horizon data of interest
Hole VNW254 has no horizon data of interest
Hole VNW255 has no horizon data of interest
Hole VNW261 has no horizon data of interest
Hole VNW263C has no lithology data and no total depth value set
 Hole : VNW263C         - rejected
Hole VNW264C has no horizon data of interest
Hole VNW278C has no horizon data of interest
Hole VNW285R has no horizon data of interest
Hole VNW286C has no horizon data of interest
Hole VNW287C has no horizon data of interest
Hole VNW288C has no horizon data of interest
Hole VNW289C has no horizon data of interest
Hole VNW292C has no horizon data of interest
Hole VNW293C has no horizon data of interest
Hole VNW298WB has no horizon data of interest
Hole VNW299WB has no horizon data of interest
Hole VNW313 has no horizon data of interest
Hole VNW321C has no horizon data of interest
Hole VNW335C has no horizon data of interest
Hole VNW336C has no horizon data of interest
Hole VNW337C has no horizon data of interest
Hole VNW338C has no horizon data of interest
Hole VNW340 has no horizon data of interest
Hole VNW352 has no horizon data of interest
Hole VNW353 has no horizon data of interest
Hole VNW358 has no horizon data of interest
Hole VNW365 has no horizon data of interest
Hole VNW366 has no horizon data of interest
Hole VNW369 has no horizon data of interest
Hole VNW369R has no horizon data of interest
Hole VNW371 has no horizon data of interest
Hole VNW374C has no horizon data of interest
Hole VNW375C has no horizon data of interest
Hole VNW384C has no horizon data of interest
Hole VNW385 has no horizon data of interest
Hole VNW385C has no horizon data of interest
Hole VNW386C has no horizon data of interest
Hole VNW387C has no horizon data of interest
Hole VNW388C has no horizon data of interest
Hole VNW389 has no horizon data of interest
Hole VNW390WBA has no horizon data of interest
Hole VNW391WBA has no horizon data of interest
Hole VNW391WBA_A has no horizon data of interest
Hole VNW392WBA has no horizon data of interest
Hole VNW392WBB has no horizon data of interest
Warning: hole VNW393WBA total depth (60.000) < last depth (66.000)  - check data
Hole VNW394WBB has no lithology data but has total depth data - it can be used for TTD
Warning: hole VNW395WBA total depth (63.000) < last depth (63.500)  - check data
Hole VNW395WBA has no horizon data of interest
Hole VNW395WBB has no lithology data but has total depth data - it can be used for TTD
Hole VS002 has no horizon data of interest
Hole VS008 has no horizon data of interest
Hole VS050 has no horizon data of interest
Hole VS061 has no horizon data of interest
Hole WVK005A has no horizon data of interest
Hole WVK006 has no horizon data of interest
Hole WVK007 has no horizon data of interest
Hole WVK008 has no horizon data of interest
Hole WVK013 has no horizon data of interest
Hole WVK021 has no horizon data of interest
Hole WVK024 has no horizon data of interest
Hole WVK025 has no horizon data of interest
Hole WVK026 has no horizon data of interest
Hole WVK027 has no horizon data of interest
Hole WVK033 has no horizon data of interest
Hole WVK034 has no horizon data of interest
Hole WVK037LD has no horizon data of interest
Hole WVK042 has no horizon data of interest
Hole WVK048 has no horizon data of interest
Hole WVK049R has no horizon data of interest
Hole WVK053 has no horizon data of interest
Hole WVK055 has no horizon data of interest
Hole WVK062 has no horizon data of interest
Hole WVK062LD has no horizon data of interest
Hole WVK063 has no horizon data of interest
Hole WVK064 has no horizon data of interest
Hole WVK067 has no horizon data of interest
Hole WVK069 has no horizon data of interest
Hole WVK071 has no horizon data of interest
Hole WVK071LD has no horizon data of interest
Hole WVK074LD has no horizon data of interest
Hole WVK075 has no horizon data of interest
Hole WVK076 has no horizon data of interest
Hole WVK078 has no horizon data of interest
Hole WVK079 has no horizon data of interest
Hole WVK082 has no horizon data of interest
Hole WVK083 has no horizon data of interest
Hole WVK085 has no horizon data of interest
Hole WVK086 has no horizon data of interest
Hole WVK087 has no horizon data of interest
Hole WVK088 has no horizon data of interest
Hole WVK089 has no horizon data of interest
Hole WVK090 has no horizon data of interest
Hole WVK091 has no horizon data of interest
Hole WVK093 has no horizon data of interest
Hole WVK095 has no horizon data of interest
Hole WVK096 has no horizon data of interest
Hole WVK097 has no horizon data of interest
Hole WVK098 has no horizon data of interest
Hole WVK099 has no horizon data of interest
Hole WVK100 has no horizon data of interest
Hole WVK101 has no horizon data of interest
Hole WVK102 has no horizon data of interest
Hole WVK103 has no horizon data of interest
Hole WVK104 has no horizon data of interest
Hole WVK105 has no horizon data of interest
Hole WVK106 has no horizon data of interest
Hole WVK107 has no horizon data of interest
Hole WVK108 has no horizon data of interest
Hole WVK109 has no horizon data of interest
Hole WVK110 has no horizon data of interest
Hole WVK111 has no horizon data of interest
Hole WVK112 has no horizon data of interest
Hole WVK113 has no horizon data of interest
Hole WVK114 has no horizon data of interest
Hole WVK115 has no horizon data of interest
Hole WVK116 has no horizon data of interest
Hole WVK117 has no horizon data of interest
Hole WVK118 has no horizon data of interest
Hole WVK119 has no horizon data of interest
Hole WVK120 has no horizon data of interest
Hole WVK121 has no horizon data of interest
Hole WVK501 has no horizon data of interest
Hole WVK501LD has no horizon data of interest
Hole WVK501R has no horizon data of interest
Hole WVK502 has no horizon data of interest
Hole WVK505 has no horizon data of interest
Hole WVK505LD has no horizon data of interest
Hole WVK506 has no horizon data of interest
Hole WVK508 has no horizon data of interest
Hole WVK509 has no horizon data of interest
Hole WVK510 has no horizon data of interest
Hole WVK512 has no horizon data of interest
Hole WVK515 has no horizon data of interest
Hole WVK517 has no horizon data of interest
Hole WVK537 has no horizon data of interest
Hole WVK538 has no horizon data of interest
Hole WVK539 has no horizon data of interest
Hole WVK540 has no horizon data of interest
Hole WVK544 has no horizon data of interest
Hole WVK547 has no horizon data of interest
Hole WVK554 has no horizon data of interest
Hole WVK555LD has no horizon data of interest
Warning: hole WVK555LDC total depth (84.640) < last depth (85.620)  - check data
Hole WVK555LDC has no horizon data of interest
Hole WVK555RD has no lithology data but has total depth data - it can be used for TTD
Hole WVK564 has no horizon data of interest
Hole WVK583 has no horizon data of interest
Hole WVK584 has no horizon data of interest
Hole WVK590 has no horizon data of interest
Hole WVK609 has no horizon data of interest
Hole WVK610 has no horizon data of interest
Hole WVK611LD has no horizon data of interest
Hole WVK615 has no horizon data of interest
Hole WVK617 has no horizon data of interest
Hole WVK618 has no horizon data of interest
Hole WVK619 has no horizon data of interest
Hole WVK620 has no horizon data of interest
Hole WVK621 has no horizon data of interest
Hole WVK622 has no horizon data of interest
Hole WVK623 has no horizon data of interest
Hole WVK624 has no horizon data of interest
Hole WVK625 has no horizon data of interest
Hole WVK626 has no horizon data of interest
Hole WVK627 has no horizon data of interest
Hole WVK628 has no horizon data of interest
Hole WVK629 has no horizon data of interest
Hole WVK630 has no horizon data of interest
Hole WVK631 has no horizon data of interest
Hole WVK632 has no horizon data of interest
Hole WVK633 has no horizon data of interest
Hole WVK634 has no horizon data of interest
Hole WVK635 has no horizon data of interest
Hole WVK641 has no horizon data of interest
Hole WVK647 has no horizon data of interest
Hole WVK648 has no horizon data of interest
Hole WVK649 has no horizon data of interest
Hole WVK650 has no horizon data of interest
Hole WVK651 has no horizon data of interest
Hole WVK652 has no horizon data of interest
Hole WVK653 has no horizon data of interest
Hole WVK654 has no horizon data of interest
Hole WVK655 has no horizon data of interest
Hole WVK657 has no horizon data of interest
Hole WVK658 has no horizon data of interest
Hole WVK659 has no horizon data of interest
Hole WVK660 has no horizon data of interest
Hole WVK661 has no horizon data of interest
Hole WVK662 has no horizon data of interest
Hole WVK663 has no horizon data of interest
Hole WVK664 has no horizon data of interest
Hole WVK665 has no horizon data of interest
Hole WVK666 has no horizon data of interest
Hole WVK667 has no horizon data of interest
Hole WVK668 has no horizon data of interest
Hole WVK917F has no horizon data of interest
Hole WVK917G has no horizon data of interest
Hole WVK917H has no horizon data of interest
Hole WVK918B has no horizon data of interest
Hole WVK925B has no horizon data of interest
Hole WVK935A has no horizon data of interest
Hole WVK935C has no horizon data of interest
Hole WVK936A has no horizon data of interest
Hole WVK936B has no horizon data of interest
Hole WVK937A has no horizon data of interest
Hole WVK937B has no horizon data of interest
Hole WVK937C has no horizon data of interest
Hole WVK937D has no horizon data of interest
Hole WVK938A has no horizon data of interest
Hole WVK940A has no lithology data but has total depth data - it can be used for TTD
Hole WVK941B has no horizon data of interest
